==> Starting concretization pool with 6 processes
==> Environment concretized in 20.30 seconds.
==> Concretized qmcpack@develop~afqmc~complex~cuda~mixed+mpi+timers
 -   f5xm5wi  qmcpack@develop%gcc@11.1.0~afqmc~complex~cuda~da~gui~ipo~mixed+mpi~phdf5~ppconvert+soa+timers build_system=cmake build_type=Release arch=linux-ubuntu20.04-x86_64
[+]  fh57zol      ^boost@1.80.0%gcc@11.1.0~atomic~chrono~clanglibcpp~container~context~contract~coroutine~date_time~debug+exception~fiber~filesystem~graph~graph_parallel~icu~iostreams~json~locale~log~math~mpi+multithreaded~nowide~numpy~pic~program_options~python+random~regex+serialization+shared~signals~singlethreaded~stacktrace~system~taggedlayout~test~thread~timer~type_erasure~versionedlayout~wave build_system=generic cxxstd=98 patches=a440f96 visibility=hidden arch=linux-ubuntu20.04-x86_64
[+]  z6gv6d4      ^cmake@3.25.2%gcc@11.1.0~doc+ncurses+ownlibs~qt build_system=generic build_type=Release arch=linux-ubuntu20.04-x86_64
[+]  uvosrzt          ^ncurses@6.4%gcc@11.1.0~symlinks+termlib abi=none build_system=autotools arch=linux-ubuntu20.04-x86_64
[+]  x4ocrnr          ^openssl@1.1.1t%gcc@11.1.0~docs~shared build_system=generic certs=mozilla arch=linux-ubuntu20.04-x86_64
[+]  w233qs7              ^ca-certificates-mozilla@2023-01-10%gcc@11.1.0 build_system=generic arch=linux-ubuntu20.04-x86_64
[+]  dc2k66y      ^fftw@3.3.10%gcc@11.1.0+mpi~openmp~pfft_patches build_system=autotools precision=double,float arch=linux-ubuntu20.04-x86_64
[+]  whzoqwr      ^hdf5@1.14.0%gcc@11.1.0~cxx~fortran~hl~ipo~java~mpi+shared~szip~threadsafe+tools api=default build_system=cmake build_type=RelWithDebInfo patches=0b5dd6f arch=linux-ubuntu20.04-x86_64
[+]  uorrjkf          ^pkgconf@1.8.0%gcc@11.1.0 build_system=autotools arch=linux-ubuntu20.04-x86_64
[+]  hi2xsgc          ^zlib@1.2.13%gcc@11.1.0+optimize+pic+shared build_system=makefile arch=linux-ubuntu20.04-x86_64
[+]  d4dm7aj      ^libxml2@2.10.3%gcc@11.1.0~python build_system=autotools arch=linux-ubuntu20.04-x86_64
[+]  5f66p4a          ^libiconv@1.17%gcc@11.1.0 build_system=autotools libs=shared,static arch=linux-ubuntu20.04-x86_64
[+]  al2gyec          ^xz@5.4.1%gcc@11.1.0~pic build_system=autotools libs=shared,static arch=linux-ubuntu20.04-x86_64
[+]  ea3dj7t      ^mpich@4.1%gcc@11.1.0~argobots~cuda+fortran+hwloc+hydra+libxml2+pci~rocm+romio~slurm~two_level_namespace~vci~verbs~wrapperrpath build_system=autotools datatype-engine=auto device=ch4 netmod=ofi pmi=pmi arch=linux-ubuntu20.04-x86_64
[+]  bqre6so          ^findutils@4.9.0%gcc@11.1.0 build_system=autotools patches=440b954 arch=linux-ubuntu20.04-x86_64
[+]  zcegd6v          ^hwloc@2.9.0%gcc@11.1.0~cairo~cuda~gl~libudev+libxml2~netloc~nvml~oneapi-level-zero~opencl+pci~rocm build_system=autotools libs=shared,static arch=linux-ubuntu20.04-x86_64
[+]  qppnie2          ^libfabric@1.16.1%gcc@11.1.0~debug~kdreg build_system=autotools fabrics=sockets,tcp,udp arch=linux-ubuntu20.04-x86_64
[+]  srwvvk5          ^libpciaccess@0.16%gcc@11.1.0 build_system=autotools arch=linux-ubuntu20.04-x86_64
[+]  bntep2v              ^libtool@2.4.7%gcc@11.1.0 build_system=autotools arch=linux-ubuntu20.04-x86_64
[+]  i5p6x5b              ^util-macros@1.19.3%gcc@11.1.0 build_system=autotools arch=linux-ubuntu20.04-x86_64
[+]  n7vk7o6          ^yaksa@0.2%gcc@11.1.0~cuda~rocm build_system=autotools arch=linux-ubuntu20.04-x86_64
[+]  a77yebp              ^autoconf@2.69%gcc@11.1.0 build_system=autotools patches=35c4492,7793209,a49dd5b arch=linux-ubuntu20.04-x86_64
[+]  ud6z5xj              ^automake@1.16.5%gcc@11.1.0 build_system=autotools arch=linux-ubuntu20.04-x86_64
[+]  qdxsvxc              ^m4@1.4.19%gcc@11.1.0+sigsegv build_system=autotools patches=9dc5fbd,bfdffa7 arch=linux-ubuntu20.04-x86_64
[+]  lypoofr                  ^libsigsegv@2.13%gcc@11.1.0 build_system=autotools arch=linux-ubuntu20.04-x86_64
[+]  yrbiib2      ^openblas@0.3.21%gcc@11.1.0~bignuma~consistent_fpcsr+fortran~ilp64+locking+pic+shared build_system=makefile patches=114f95f,d3d9b15 symbol_suffix=none threads=openmp arch=linux-ubuntu20.04-x86_64
[+]  4psazed          ^perl@5.36.0%gcc@11.1.0+cpanm+open+shared+threads build_system=generic arch=linux-ubuntu20.04-x86_64
[+]  alkzfee              ^berkeley-db@18.1.40%gcc@11.1.0+cxx~docs+stl build_system=autotools patches=26090f4,b231fcc arch=linux-ubuntu20.04-x86_64
[+]  6thoib5      ^python@3.10.8%gcc@11.1.0+bz2+crypt+ctypes+dbm~debug+libxml2+lzma~nis~optimizations+pic+pyexpat+pythoncmd+readline+shared+sqlite3+ssl~tkinter+uuid+zlib build_system=generic patches=0d98e93,7d40923,f2fd060 arch=linux-ubuntu20.04-x86_64
[+]  4w6pcqh          ^bzip2@1.0.8%gcc@11.1.0~debug~pic+shared build_system=generic arch=linux-ubuntu20.04-x86_64
[+]  zbe45vu              ^diffutils@3.8%gcc@11.1.0 build_system=autotools arch=linux-ubuntu20.04-x86_64
[+]  4qorfjg          ^expat@2.5.0%gcc@11.1.0+libbsd build_system=autotools arch=linux-ubuntu20.04-x86_64
[+]  bstssvl              ^libbsd@0.11.7%gcc@11.1.0 build_system=autotools arch=linux-ubuntu20.04-x86_64
[+]  cb26zci                  ^libmd@1.0.4%gcc@11.1.0 build_system=autotools arch=linux-ubuntu20.04-x86_64
[+]  qdviltn          ^gdbm@1.23%gcc@11.1.0 build_system=autotools arch=linux-ubuntu20.04-x86_64
[+]  fmaf67n          ^gettext@0.21.1%gcc@11.1.0+bzip2+curses+git~libunistring+libxml2+tar+xz build_system=autotools arch=linux-ubuntu20.04-x86_64
[+]  aohiucd              ^tar@1.34%gcc@11.1.0 build_system=autotools zip=pigz arch=linux-ubuntu20.04-x86_64
[+]  gojgmg4                  ^pigz@2.7%gcc@11.1.0 build_system=makefile arch=linux-ubuntu20.04-x86_64
[+]  nwwllvp                  ^zstd@1.5.2%gcc@11.1.0+programs build_system=makefile compression=none libs=shared,static arch=linux-ubuntu20.04-x86_64
[+]  ng3lexd          ^libffi@3.4.4%gcc@11.1.0 build_system=autotools arch=linux-ubuntu20.04-x86_64
[+]  pockqwd          ^libxcrypt@4.4.33%gcc@11.1.0~obsolete_api build_system=autotools arch=linux-ubuntu20.04-x86_64
[+]  vxrl4pn          ^readline@8.2%gcc@11.1.0 build_system=autotools patches=bbf97f1 arch=linux-ubuntu20.04-x86_64
[+]  3z5qmvu          ^sqlite@3.40.1%gcc@11.1.0+column_metadata+dynamic_extensions+fts~functions+rtree build_system=autotools arch=linux-ubuntu20.04-x86_64
[+]  i5b6dq6          ^util-linux-uuid@2.38.1%gcc@11.1.0 build_system=autotools arch=linux-ubuntu20.04-x86_64

==> Concretized qmcpack@develop~afqmc~complex+cuda~mixed~mpi+timers cuda_arch=80
 -   zhpohkb  qmcpack@develop%gcc@11.1.0~afqmc~complex+cuda~da~gui~ipo~mixed~mpi~phdf5~ppconvert+soa+timers build_system=cmake build_type=Release cuda_arch=80 arch=linux-ubuntu20.04-x86_64
[+]  fh57zol      ^boost@1.80.0%gcc@11.1.0~atomic~chrono~clanglibcpp~container~context~contract~coroutine~date_time~debug+exception~fiber~filesystem~graph~graph_parallel~icu~iostreams~json~locale~log~math~mpi+multithreaded~nowide~numpy~pic~program_options~python+random~regex+serialization+shared~signals~singlethreaded~stacktrace~system~taggedlayout~test~thread~timer~type_erasure~versionedlayout~wave build_system=generic cxxstd=98 patches=a440f96 visibility=hidden arch=linux-ubuntu20.04-x86_64
[+]  z6gv6d4      ^cmake@3.25.2%gcc@11.1.0~doc+ncurses+ownlibs~qt build_system=generic build_type=Release arch=linux-ubuntu20.04-x86_64
[+]  uvosrzt          ^ncurses@6.4%gcc@11.1.0~symlinks+termlib abi=none build_system=autotools arch=linux-ubuntu20.04-x86_64
[+]  x4ocrnr          ^openssl@1.1.1t%gcc@11.1.0~docs~shared build_system=generic certs=mozilla arch=linux-ubuntu20.04-x86_64
[+]  w233qs7              ^ca-certificates-mozilla@2023-01-10%gcc@11.1.0 build_system=generic arch=linux-ubuntu20.04-x86_64
[+]  oeka2jm      ^cuda@11.4.4%gcc@11.1.0~allow-unsupported-compilers~dev build_system=generic arch=linux-ubuntu20.04-x86_64
[+]  dc2k66y      ^fftw@3.3.10%gcc@11.1.0+mpi~openmp~pfft_patches build_system=autotools precision=double,float arch=linux-ubuntu20.04-x86_64
[+]  ea3dj7t          ^mpich@4.1%gcc@11.1.0~argobots~cuda+fortran+hwloc+hydra+libxml2+pci~rocm+romio~slurm~two_level_namespace~vci~verbs~wrapperrpath build_system=autotools datatype-engine=auto device=ch4 netmod=ofi pmi=pmi arch=linux-ubuntu20.04-x86_64
[+]  bqre6so              ^findutils@4.9.0%gcc@11.1.0 build_system=autotools patches=440b954 arch=linux-ubuntu20.04-x86_64
[+]  zcegd6v              ^hwloc@2.9.0%gcc@11.1.0~cairo~cuda~gl~libudev+libxml2~netloc~nvml~oneapi-level-zero~opencl+pci~rocm build_system=autotools libs=shared,static arch=linux-ubuntu20.04-x86_64
[+]  qppnie2              ^libfabric@1.16.1%gcc@11.1.0~debug~kdreg build_system=autotools fabrics=sockets,tcp,udp arch=linux-ubuntu20.04-x86_64
[+]  srwvvk5              ^libpciaccess@0.16%gcc@11.1.0 build_system=autotools arch=linux-ubuntu20.04-x86_64
[+]  bntep2v                  ^libtool@2.4.7%gcc@11.1.0 build_system=autotools arch=linux-ubuntu20.04-x86_64
[+]  i5p6x5b                  ^util-macros@1.19.3%gcc@11.1.0 build_system=autotools arch=linux-ubuntu20.04-x86_64
[+]  n7vk7o6              ^yaksa@0.2%gcc@11.1.0~cuda~rocm build_system=autotools arch=linux-ubuntu20.04-x86_64
[+]  a77yebp                  ^autoconf@2.69%gcc@11.1.0 build_system=autotools patches=35c4492,7793209,a49dd5b arch=linux-ubuntu20.04-x86_64
[+]  ud6z5xj                  ^automake@1.16.5%gcc@11.1.0 build_system=autotools arch=linux-ubuntu20.04-x86_64
[+]  qdxsvxc                  ^m4@1.4.19%gcc@11.1.0+sigsegv build_system=autotools patches=9dc5fbd,bfdffa7 arch=linux-ubuntu20.04-x86_64
[+]  lypoofr                      ^libsigsegv@2.13%gcc@11.1.0 build_system=autotools arch=linux-ubuntu20.04-x86_64
[+]  whzoqwr      ^hdf5@1.14.0%gcc@11.1.0~cxx~fortran~hl~ipo~java~mpi+shared~szip~threadsafe+tools api=default build_system=cmake build_type=RelWithDebInfo patches=0b5dd6f arch=linux-ubuntu20.04-x86_64
[+]  uorrjkf          ^pkgconf@1.8.0%gcc@11.1.0 build_system=autotools arch=linux-ubuntu20.04-x86_64
[+]  hi2xsgc          ^zlib@1.2.13%gcc@11.1.0+optimize+pic+shared build_system=makefile arch=linux-ubuntu20.04-x86_64
[+]  d4dm7aj      ^libxml2@2.10.3%gcc@11.1.0~python build_system=autotools arch=linux-ubuntu20.04-x86_64
[+]  5f66p4a          ^libiconv@1.17%gcc@11.1.0 build_system=autotools libs=shared,static arch=linux-ubuntu20.04-x86_64
[+]  al2gyec          ^xz@5.4.1%gcc@11.1.0~pic build_system=autotools libs=shared,static arch=linux-ubuntu20.04-x86_64
[+]  yrbiib2      ^openblas@0.3.21%gcc@11.1.0~bignuma~consistent_fpcsr+fortran~ilp64+locking+pic+shared build_system=makefile patches=114f95f,d3d9b15 symbol_suffix=none threads=openmp arch=linux-ubuntu20.04-x86_64
[+]  4psazed          ^perl@5.36.0%gcc@11.1.0+cpanm+open+shared+threads build_system=generic arch=linux-ubuntu20.04-x86_64
[+]  alkzfee              ^berkeley-db@18.1.40%gcc@11.1.0+cxx~docs+stl build_system=autotools patches=26090f4,b231fcc arch=linux-ubuntu20.04-x86_64
[+]  6thoib5      ^python@3.10.8%gcc@11.1.0+bz2+crypt+ctypes+dbm~debug+libxml2+lzma~nis~optimizations+pic+pyexpat+pythoncmd+readline+shared+sqlite3+ssl~tkinter+uuid+zlib build_system=generic patches=0d98e93,7d40923,f2fd060 arch=linux-ubuntu20.04-x86_64
[+]  4w6pcqh          ^bzip2@1.0.8%gcc@11.1.0~debug~pic+shared build_system=generic arch=linux-ubuntu20.04-x86_64
[+]  zbe45vu              ^diffutils@3.8%gcc@11.1.0 build_system=autotools arch=linux-ubuntu20.04-x86_64
[+]  4qorfjg          ^expat@2.5.0%gcc@11.1.0+libbsd build_system=autotools arch=linux-ubuntu20.04-x86_64
[+]  bstssvl              ^libbsd@0.11.7%gcc@11.1.0 build_system=autotools arch=linux-ubuntu20.04-x86_64
[+]  cb26zci                  ^libmd@1.0.4%gcc@11.1.0 build_system=autotools arch=linux-ubuntu20.04-x86_64
[+]  qdviltn          ^gdbm@1.23%gcc@11.1.0 build_system=autotools arch=linux-ubuntu20.04-x86_64
[+]  fmaf67n          ^gettext@0.21.1%gcc@11.1.0+bzip2+curses+git~libunistring+libxml2+tar+xz build_system=autotools arch=linux-ubuntu20.04-x86_64
[+]  aohiucd              ^tar@1.34%gcc@11.1.0 build_system=autotools zip=pigz arch=linux-ubuntu20.04-x86_64
[+]  gojgmg4                  ^pigz@2.7%gcc@11.1.0 build_system=makefile arch=linux-ubuntu20.04-x86_64
[+]  nwwllvp                  ^zstd@1.5.2%gcc@11.1.0+programs build_system=makefile compression=none libs=shared,static arch=linux-ubuntu20.04-x86_64
[+]  ng3lexd          ^libffi@3.4.4%gcc@11.1.0 build_system=autotools arch=linux-ubuntu20.04-x86_64
[+]  pockqwd          ^libxcrypt@4.4.33%gcc@11.1.0~obsolete_api build_system=autotools arch=linux-ubuntu20.04-x86_64
[+]  vxrl4pn          ^readline@8.2%gcc@11.1.0 build_system=autotools patches=bbf97f1 arch=linux-ubuntu20.04-x86_64
[+]  3z5qmvu          ^sqlite@3.40.1%gcc@11.1.0+column_metadata+dynamic_extensions+fts~functions+rtree build_system=autotools arch=linux-ubuntu20.04-x86_64
[+]  i5b6dq6          ^util-linux-uuid@2.38.1%gcc@11.1.0 build_system=autotools arch=linux-ubuntu20.04-x86_64

==> Concretized qmcpack@develop~afqmc~complex~cuda+mixed+mpi+timers
 -   74e3hcb  qmcpack@develop%gcc@11.1.0~afqmc~complex~cuda~da~gui~ipo+mixed+mpi~phdf5~ppconvert+soa+timers build_system=cmake build_type=Release arch=linux-ubuntu20.04-x86_64
[+]  fh57zol      ^boost@1.80.0%gcc@11.1.0~atomic~chrono~clanglibcpp~container~context~contract~coroutine~date_time~debug+exception~fiber~filesystem~graph~graph_parallel~icu~iostreams~json~locale~log~math~mpi+multithreaded~nowide~numpy~pic~program_options~python+random~regex+serialization+shared~signals~singlethreaded~stacktrace~system~taggedlayout~test~thread~timer~type_erasure~versionedlayout~wave build_system=generic cxxstd=98 patches=a440f96 visibility=hidden arch=linux-ubuntu20.04-x86_64
[+]  z6gv6d4      ^cmake@3.25.2%gcc@11.1.0~doc+ncurses+ownlibs~qt build_system=generic build_type=Release arch=linux-ubuntu20.04-x86_64
[+]  uvosrzt          ^ncurses@6.4%gcc@11.1.0~symlinks+termlib abi=none build_system=autotools arch=linux-ubuntu20.04-x86_64
[+]  x4ocrnr          ^openssl@1.1.1t%gcc@11.1.0~docs~shared build_system=generic certs=mozilla arch=linux-ubuntu20.04-x86_64
[+]  w233qs7              ^ca-certificates-mozilla@2023-01-10%gcc@11.1.0 build_system=generic arch=linux-ubuntu20.04-x86_64
[+]  dc2k66y      ^fftw@3.3.10%gcc@11.1.0+mpi~openmp~pfft_patches build_system=autotools precision=double,float arch=linux-ubuntu20.04-x86_64
[+]  whzoqwr      ^hdf5@1.14.0%gcc@11.1.0~cxx~fortran~hl~ipo~java~mpi+shared~szip~threadsafe+tools api=default build_system=cmake build_type=RelWithDebInfo patches=0b5dd6f arch=linux-ubuntu20.04-x86_64
[+]  uorrjkf          ^pkgconf@1.8.0%gcc@11.1.0 build_system=autotools arch=linux-ubuntu20.04-x86_64
[+]  hi2xsgc          ^zlib@1.2.13%gcc@11.1.0+optimize+pic+shared build_system=makefile arch=linux-ubuntu20.04-x86_64
[+]  d4dm7aj      ^libxml2@2.10.3%gcc@11.1.0~python build_system=autotools arch=linux-ubuntu20.04-x86_64
[+]  5f66p4a          ^libiconv@1.17%gcc@11.1.0 build_system=autotools libs=shared,static arch=linux-ubuntu20.04-x86_64
[+]  al2gyec          ^xz@5.4.1%gcc@11.1.0~pic build_system=autotools libs=shared,static arch=linux-ubuntu20.04-x86_64
[+]  ea3dj7t      ^mpich@4.1%gcc@11.1.0~argobots~cuda+fortran+hwloc+hydra+libxml2+pci~rocm+romio~slurm~two_level_namespace~vci~verbs~wrapperrpath build_system=autotools datatype-engine=auto device=ch4 netmod=ofi pmi=pmi arch=linux-ubuntu20.04-x86_64
[+]  bqre6so          ^findutils@4.9.0%gcc@11.1.0 build_system=autotools patches=440b954 arch=linux-ubuntu20.04-x86_64
[+]  zcegd6v          ^hwloc@2.9.0%gcc@11.1.0~cairo~cuda~gl~libudev+libxml2~netloc~nvml~oneapi-level-zero~opencl+pci~rocm build_system=autotools libs=shared,static arch=linux-ubuntu20.04-x86_64
[+]  qppnie2          ^libfabric@1.16.1%gcc@11.1.0~debug~kdreg build_system=autotools fabrics=sockets,tcp,udp arch=linux-ubuntu20.04-x86_64
[+]  srwvvk5          ^libpciaccess@0.16%gcc@11.1.0 build_system=autotools arch=linux-ubuntu20.04-x86_64
[+]  bntep2v              ^libtool@2.4.7%gcc@11.1.0 build_system=autotools arch=linux-ubuntu20.04-x86_64
[+]  i5p6x5b              ^util-macros@1.19.3%gcc@11.1.0 build_system=autotools arch=linux-ubuntu20.04-x86_64
[+]  n7vk7o6          ^yaksa@0.2%gcc@11.1.0~cuda~rocm build_system=autotools arch=linux-ubuntu20.04-x86_64
[+]  a77yebp              ^autoconf@2.69%gcc@11.1.0 build_system=autotools patches=35c4492,7793209,a49dd5b arch=linux-ubuntu20.04-x86_64
[+]  ud6z5xj              ^automake@1.16.5%gcc@11.1.0 build_system=autotools arch=linux-ubuntu20.04-x86_64
[+]  qdxsvxc              ^m4@1.4.19%gcc@11.1.0+sigsegv build_system=autotools patches=9dc5fbd,bfdffa7 arch=linux-ubuntu20.04-x86_64
[+]  lypoofr                  ^libsigsegv@2.13%gcc@11.1.0 build_system=autotools arch=linux-ubuntu20.04-x86_64
[+]  yrbiib2      ^openblas@0.3.21%gcc@11.1.0~bignuma~consistent_fpcsr+fortran~ilp64+locking+pic+shared build_system=makefile patches=114f95f,d3d9b15 symbol_suffix=none threads=openmp arch=linux-ubuntu20.04-x86_64
[+]  4psazed          ^perl@5.36.0%gcc@11.1.0+cpanm+open+shared+threads build_system=generic arch=linux-ubuntu20.04-x86_64
[+]  alkzfee              ^berkeley-db@18.1.40%gcc@11.1.0+cxx~docs+stl build_system=autotools patches=26090f4,b231fcc arch=linux-ubuntu20.04-x86_64
[+]  6thoib5      ^python@3.10.8%gcc@11.1.0+bz2+crypt+ctypes+dbm~debug+libxml2+lzma~nis~optimizations+pic+pyexpat+pythoncmd+readline+shared+sqlite3+ssl~tkinter+uuid+zlib build_system=generic patches=0d98e93,7d40923,f2fd060 arch=linux-ubuntu20.04-x86_64
[+]  4w6pcqh          ^bzip2@1.0.8%gcc@11.1.0~debug~pic+shared build_system=generic arch=linux-ubuntu20.04-x86_64
[+]  zbe45vu              ^diffutils@3.8%gcc@11.1.0 build_system=autotools arch=linux-ubuntu20.04-x86_64
[+]  4qorfjg          ^expat@2.5.0%gcc@11.1.0+libbsd build_system=autotools arch=linux-ubuntu20.04-x86_64
[+]  bstssvl              ^libbsd@0.11.7%gcc@11.1.0 build_system=autotools arch=linux-ubuntu20.04-x86_64
[+]  cb26zci                  ^libmd@1.0.4%gcc@11.1.0 build_system=autotools arch=linux-ubuntu20.04-x86_64
[+]  qdviltn          ^gdbm@1.23%gcc@11.1.0 build_system=autotools arch=linux-ubuntu20.04-x86_64
[+]  fmaf67n          ^gettext@0.21.1%gcc@11.1.0+bzip2+curses+git~libunistring+libxml2+tar+xz build_system=autotools arch=linux-ubuntu20.04-x86_64
[+]  aohiucd              ^tar@1.34%gcc@11.1.0 build_system=autotools zip=pigz arch=linux-ubuntu20.04-x86_64
[+]  gojgmg4                  ^pigz@2.7%gcc@11.1.0 build_system=makefile arch=linux-ubuntu20.04-x86_64
[+]  nwwllvp                  ^zstd@1.5.2%gcc@11.1.0+programs build_system=makefile compression=none libs=shared,static arch=linux-ubuntu20.04-x86_64
[+]  ng3lexd          ^libffi@3.4.4%gcc@11.1.0 build_system=autotools arch=linux-ubuntu20.04-x86_64
[+]  pockqwd          ^libxcrypt@4.4.33%gcc@11.1.0~obsolete_api build_system=autotools arch=linux-ubuntu20.04-x86_64
[+]  vxrl4pn          ^readline@8.2%gcc@11.1.0 build_system=autotools patches=bbf97f1 arch=linux-ubuntu20.04-x86_64
[+]  3z5qmvu          ^sqlite@3.40.1%gcc@11.1.0+column_metadata+dynamic_extensions+fts~functions+rtree build_system=autotools arch=linux-ubuntu20.04-x86_64
[+]  i5b6dq6          ^util-linux-uuid@2.38.1%gcc@11.1.0 build_system=autotools arch=linux-ubuntu20.04-x86_64

==> Concretized qmcpack@develop~afqmc~complex+cuda+mixed+mpi+timers cuda_arch=80
 -   3l4folu  qmcpack@develop%gcc@11.1.0~afqmc~complex+cuda~da~gui~ipo+mixed+mpi~phdf5~ppconvert+soa+timers build_system=cmake build_type=Release cuda_arch=80 arch=linux-ubuntu20.04-x86_64
[+]  fh57zol      ^boost@1.80.0%gcc@11.1.0~atomic~chrono~clanglibcpp~container~context~contract~coroutine~date_time~debug+exception~fiber~filesystem~graph~graph_parallel~icu~iostreams~json~locale~log~math~mpi+multithreaded~nowide~numpy~pic~program_options~python+random~regex+serialization+shared~signals~singlethreaded~stacktrace~system~taggedlayout~test~thread~timer~type_erasure~versionedlayout~wave build_system=generic cxxstd=98 patches=a440f96 visibility=hidden arch=linux-ubuntu20.04-x86_64
[+]  z6gv6d4      ^cmake@3.25.2%gcc@11.1.0~doc+ncurses+ownlibs~qt build_system=generic build_type=Release arch=linux-ubuntu20.04-x86_64
[+]  uvosrzt          ^ncurses@6.4%gcc@11.1.0~symlinks+termlib abi=none build_system=autotools arch=linux-ubuntu20.04-x86_64
[+]  x4ocrnr          ^openssl@1.1.1t%gcc@11.1.0~docs~shared build_system=generic certs=mozilla arch=linux-ubuntu20.04-x86_64
[+]  w233qs7              ^ca-certificates-mozilla@2023-01-10%gcc@11.1.0 build_system=generic arch=linux-ubuntu20.04-x86_64
[+]  oeka2jm      ^cuda@11.4.4%gcc@11.1.0~allow-unsupported-compilers~dev build_system=generic arch=linux-ubuntu20.04-x86_64
[+]  dc2k66y      ^fftw@3.3.10%gcc@11.1.0+mpi~openmp~pfft_patches build_system=autotools precision=double,float arch=linux-ubuntu20.04-x86_64
[+]  whzoqwr      ^hdf5@1.14.0%gcc@11.1.0~cxx~fortran~hl~ipo~java~mpi+shared~szip~threadsafe+tools api=default build_system=cmake build_type=RelWithDebInfo patches=0b5dd6f arch=linux-ubuntu20.04-x86_64
[+]  uorrjkf          ^pkgconf@1.8.0%gcc@11.1.0 build_system=autotools arch=linux-ubuntu20.04-x86_64
[+]  hi2xsgc          ^zlib@1.2.13%gcc@11.1.0+optimize+pic+shared build_system=makefile arch=linux-ubuntu20.04-x86_64
[+]  d4dm7aj      ^libxml2@2.10.3%gcc@11.1.0~python build_system=autotools arch=linux-ubuntu20.04-x86_64
[+]  5f66p4a          ^libiconv@1.17%gcc@11.1.0 build_system=autotools libs=shared,static arch=linux-ubuntu20.04-x86_64
[+]  al2gyec          ^xz@5.4.1%gcc@11.1.0~pic build_system=autotools libs=shared,static arch=linux-ubuntu20.04-x86_64
[+]  ea3dj7t      ^mpich@4.1%gcc@11.1.0~argobots~cuda+fortran+hwloc+hydra+libxml2+pci~rocm+romio~slurm~two_level_namespace~vci~verbs~wrapperrpath build_system=autotools datatype-engine=auto device=ch4 netmod=ofi pmi=pmi arch=linux-ubuntu20.04-x86_64
[+]  bqre6so          ^findutils@4.9.0%gcc@11.1.0 build_system=autotools patches=440b954 arch=linux-ubuntu20.04-x86_64
[+]  zcegd6v          ^hwloc@2.9.0%gcc@11.1.0~cairo~cuda~gl~libudev+libxml2~netloc~nvml~oneapi-level-zero~opencl+pci~rocm build_system=autotools libs=shared,static arch=linux-ubuntu20.04-x86_64
[+]  qppnie2          ^libfabric@1.16.1%gcc@11.1.0~debug~kdreg build_system=autotools fabrics=sockets,tcp,udp arch=linux-ubuntu20.04-x86_64
[+]  srwvvk5          ^libpciaccess@0.16%gcc@11.1.0 build_system=autotools arch=linux-ubuntu20.04-x86_64
[+]  bntep2v              ^libtool@2.4.7%gcc@11.1.0 build_system=autotools arch=linux-ubuntu20.04-x86_64
[+]  i5p6x5b              ^util-macros@1.19.3%gcc@11.1.0 build_system=autotools arch=linux-ubuntu20.04-x86_64
[+]  n7vk7o6          ^yaksa@0.2%gcc@11.1.0~cuda~rocm build_system=autotools arch=linux-ubuntu20.04-x86_64
[+]  a77yebp              ^autoconf@2.69%gcc@11.1.0 build_system=autotools patches=35c4492,7793209,a49dd5b arch=linux-ubuntu20.04-x86_64
[+]  ud6z5xj              ^automake@1.16.5%gcc@11.1.0 build_system=autotools arch=linux-ubuntu20.04-x86_64
[+]  qdxsvxc              ^m4@1.4.19%gcc@11.1.0+sigsegv build_system=autotools patches=9dc5fbd,bfdffa7 arch=linux-ubuntu20.04-x86_64
[+]  lypoofr                  ^libsigsegv@2.13%gcc@11.1.0 build_system=autotools arch=linux-ubuntu20.04-x86_64
[+]  yrbiib2      ^openblas@0.3.21%gcc@11.1.0~bignuma~consistent_fpcsr+fortran~ilp64+locking+pic+shared build_system=makefile patches=114f95f,d3d9b15 symbol_suffix=none threads=openmp arch=linux-ubuntu20.04-x86_64
[+]  4psazed          ^perl@5.36.0%gcc@11.1.0+cpanm+open+shared+threads build_system=generic arch=linux-ubuntu20.04-x86_64
[+]  alkzfee              ^berkeley-db@18.1.40%gcc@11.1.0+cxx~docs+stl build_system=autotools patches=26090f4,b231fcc arch=linux-ubuntu20.04-x86_64
[+]  6thoib5      ^python@3.10.8%gcc@11.1.0+bz2+crypt+ctypes+dbm~debug+libxml2+lzma~nis~optimizations+pic+pyexpat+pythoncmd+readline+shared+sqlite3+ssl~tkinter+uuid+zlib build_system=generic patches=0d98e93,7d40923,f2fd060 arch=linux-ubuntu20.04-x86_64
[+]  4w6pcqh          ^bzip2@1.0.8%gcc@11.1.0~debug~pic+shared build_system=generic arch=linux-ubuntu20.04-x86_64
[+]  zbe45vu              ^diffutils@3.8%gcc@11.1.0 build_system=autotools arch=linux-ubuntu20.04-x86_64
[+]  4qorfjg          ^expat@2.5.0%gcc@11.1.0+libbsd build_system=autotools arch=linux-ubuntu20.04-x86_64
[+]  bstssvl              ^libbsd@0.11.7%gcc@11.1.0 build_system=autotools arch=linux-ubuntu20.04-x86_64
[+]  cb26zci                  ^libmd@1.0.4%gcc@11.1.0 build_system=autotools arch=linux-ubuntu20.04-x86_64
[+]  qdviltn          ^gdbm@1.23%gcc@11.1.0 build_system=autotools arch=linux-ubuntu20.04-x86_64
[+]  fmaf67n          ^gettext@0.21.1%gcc@11.1.0+bzip2+curses+git~libunistring+libxml2+tar+xz build_system=autotools arch=linux-ubuntu20.04-x86_64
[+]  aohiucd              ^tar@1.34%gcc@11.1.0 build_system=autotools zip=pigz arch=linux-ubuntu20.04-x86_64
[+]  gojgmg4                  ^pigz@2.7%gcc@11.1.0 build_system=makefile arch=linux-ubuntu20.04-x86_64
[+]  nwwllvp                  ^zstd@1.5.2%gcc@11.1.0+programs build_system=makefile compression=none libs=shared,static arch=linux-ubuntu20.04-x86_64
[+]  ng3lexd          ^libffi@3.4.4%gcc@11.1.0 build_system=autotools arch=linux-ubuntu20.04-x86_64
[+]  pockqwd          ^libxcrypt@4.4.33%gcc@11.1.0~obsolete_api build_system=autotools arch=linux-ubuntu20.04-x86_64
[+]  vxrl4pn          ^readline@8.2%gcc@11.1.0 build_system=autotools patches=bbf97f1 arch=linux-ubuntu20.04-x86_64
[+]  3z5qmvu          ^sqlite@3.40.1%gcc@11.1.0+column_metadata+dynamic_extensions+fts~functions+rtree build_system=autotools arch=linux-ubuntu20.04-x86_64
[+]  i5b6dq6          ^util-linux-uuid@2.38.1%gcc@11.1.0 build_system=autotools arch=linux-ubuntu20.04-x86_64

==> Concretized qmcpack@develop~afqmc+complex~cuda+mpi+timers
 -   mg4l3v6  qmcpack@develop%gcc@11.1.0~afqmc+complex~cuda~da~gui~ipo~mixed+mpi~phdf5~ppconvert+soa+timers build_system=cmake build_type=Release arch=linux-ubuntu20.04-x86_64
[+]  fh57zol      ^boost@1.80.0%gcc@11.1.0~atomic~chrono~clanglibcpp~container~context~contract~coroutine~date_time~debug+exception~fiber~filesystem~graph~graph_parallel~icu~iostreams~json~locale~log~math~mpi+multithreaded~nowide~numpy~pic~program_options~python+random~regex+serialization+shared~signals~singlethreaded~stacktrace~system~taggedlayout~test~thread~timer~type_erasure~versionedlayout~wave build_system=generic cxxstd=98 patches=a440f96 visibility=hidden arch=linux-ubuntu20.04-x86_64
[+]  z6gv6d4      ^cmake@3.25.2%gcc@11.1.0~doc+ncurses+ownlibs~qt build_system=generic build_type=Release arch=linux-ubuntu20.04-x86_64
[+]  uvosrzt          ^ncurses@6.4%gcc@11.1.0~symlinks+termlib abi=none build_system=autotools arch=linux-ubuntu20.04-x86_64
[+]  x4ocrnr          ^openssl@1.1.1t%gcc@11.1.0~docs~shared build_system=generic certs=mozilla arch=linux-ubuntu20.04-x86_64
[+]  w233qs7              ^ca-certificates-mozilla@2023-01-10%gcc@11.1.0 build_system=generic arch=linux-ubuntu20.04-x86_64
[+]  dc2k66y      ^fftw@3.3.10%gcc@11.1.0+mpi~openmp~pfft_patches build_system=autotools precision=double,float arch=linux-ubuntu20.04-x86_64
[+]  whzoqwr      ^hdf5@1.14.0%gcc@11.1.0~cxx~fortran~hl~ipo~java~mpi+shared~szip~threadsafe+tools api=default build_system=cmake build_type=RelWithDebInfo patches=0b5dd6f arch=linux-ubuntu20.04-x86_64
[+]  uorrjkf          ^pkgconf@1.8.0%gcc@11.1.0 build_system=autotools arch=linux-ubuntu20.04-x86_64
[+]  hi2xsgc          ^zlib@1.2.13%gcc@11.1.0+optimize+pic+shared build_system=makefile arch=linux-ubuntu20.04-x86_64
[+]  d4dm7aj      ^libxml2@2.10.3%gcc@11.1.0~python build_system=autotools arch=linux-ubuntu20.04-x86_64
[+]  5f66p4a          ^libiconv@1.17%gcc@11.1.0 build_system=autotools libs=shared,static arch=linux-ubuntu20.04-x86_64
[+]  al2gyec          ^xz@5.4.1%gcc@11.1.0~pic build_system=autotools libs=shared,static arch=linux-ubuntu20.04-x86_64
[+]  ea3dj7t      ^mpich@4.1%gcc@11.1.0~argobots~cuda+fortran+hwloc+hydra+libxml2+pci~rocm+romio~slurm~two_level_namespace~vci~verbs~wrapperrpath build_system=autotools datatype-engine=auto device=ch4 netmod=ofi pmi=pmi arch=linux-ubuntu20.04-x86_64
[+]  bqre6so          ^findutils@4.9.0%gcc@11.1.0 build_system=autotools patches=440b954 arch=linux-ubuntu20.04-x86_64
[+]  zcegd6v          ^hwloc@2.9.0%gcc@11.1.0~cairo~cuda~gl~libudev+libxml2~netloc~nvml~oneapi-level-zero~opencl+pci~rocm build_system=autotools libs=shared,static arch=linux-ubuntu20.04-x86_64
[+]  qppnie2          ^libfabric@1.16.1%gcc@11.1.0~debug~kdreg build_system=autotools fabrics=sockets,tcp,udp arch=linux-ubuntu20.04-x86_64
[+]  srwvvk5          ^libpciaccess@0.16%gcc@11.1.0 build_system=autotools arch=linux-ubuntu20.04-x86_64
[+]  bntep2v              ^libtool@2.4.7%gcc@11.1.0 build_system=autotools arch=linux-ubuntu20.04-x86_64
[+]  i5p6x5b              ^util-macros@1.19.3%gcc@11.1.0 build_system=autotools arch=linux-ubuntu20.04-x86_64
[+]  n7vk7o6          ^yaksa@0.2%gcc@11.1.0~cuda~rocm build_system=autotools arch=linux-ubuntu20.04-x86_64
[+]  a77yebp              ^autoconf@2.69%gcc@11.1.0 build_system=autotools patches=35c4492,7793209,a49dd5b arch=linux-ubuntu20.04-x86_64
[+]  ud6z5xj              ^automake@1.16.5%gcc@11.1.0 build_system=autotools arch=linux-ubuntu20.04-x86_64
[+]  qdxsvxc              ^m4@1.4.19%gcc@11.1.0+sigsegv build_system=autotools patches=9dc5fbd,bfdffa7 arch=linux-ubuntu20.04-x86_64
[+]  lypoofr                  ^libsigsegv@2.13%gcc@11.1.0 build_system=autotools arch=linux-ubuntu20.04-x86_64
[+]  yrbiib2      ^openblas@0.3.21%gcc@11.1.0~bignuma~consistent_fpcsr+fortran~ilp64+locking+pic+shared build_system=makefile patches=114f95f,d3d9b15 symbol_suffix=none threads=openmp arch=linux-ubuntu20.04-x86_64
[+]  4psazed          ^perl@5.36.0%gcc@11.1.0+cpanm+open+shared+threads build_system=generic arch=linux-ubuntu20.04-x86_64
[+]  alkzfee              ^berkeley-db@18.1.40%gcc@11.1.0+cxx~docs+stl build_system=autotools patches=26090f4,b231fcc arch=linux-ubuntu20.04-x86_64
[+]  6thoib5      ^python@3.10.8%gcc@11.1.0+bz2+crypt+ctypes+dbm~debug+libxml2+lzma~nis~optimizations+pic+pyexpat+pythoncmd+readline+shared+sqlite3+ssl~tkinter+uuid+zlib build_system=generic patches=0d98e93,7d40923,f2fd060 arch=linux-ubuntu20.04-x86_64
[+]  4w6pcqh          ^bzip2@1.0.8%gcc@11.1.0~debug~pic+shared build_system=generic arch=linux-ubuntu20.04-x86_64
[+]  zbe45vu              ^diffutils@3.8%gcc@11.1.0 build_system=autotools arch=linux-ubuntu20.04-x86_64
[+]  4qorfjg          ^expat@2.5.0%gcc@11.1.0+libbsd build_system=autotools arch=linux-ubuntu20.04-x86_64
[+]  bstssvl              ^libbsd@0.11.7%gcc@11.1.0 build_system=autotools arch=linux-ubuntu20.04-x86_64
[+]  cb26zci                  ^libmd@1.0.4%gcc@11.1.0 build_system=autotools arch=linux-ubuntu20.04-x86_64
[+]  qdviltn          ^gdbm@1.23%gcc@11.1.0 build_system=autotools arch=linux-ubuntu20.04-x86_64
[+]  fmaf67n          ^gettext@0.21.1%gcc@11.1.0+bzip2+curses+git~libunistring+libxml2+tar+xz build_system=autotools arch=linux-ubuntu20.04-x86_64
[+]  aohiucd              ^tar@1.34%gcc@11.1.0 build_system=autotools zip=pigz arch=linux-ubuntu20.04-x86_64
[+]  gojgmg4                  ^pigz@2.7%gcc@11.1.0 build_system=makefile arch=linux-ubuntu20.04-x86_64
[+]  nwwllvp                  ^zstd@1.5.2%gcc@11.1.0+programs build_system=makefile compression=none libs=shared,static arch=linux-ubuntu20.04-x86_64
[+]  ng3lexd          ^libffi@3.4.4%gcc@11.1.0 build_system=autotools arch=linux-ubuntu20.04-x86_64
[+]  pockqwd          ^libxcrypt@4.4.33%gcc@11.1.0~obsolete_api build_system=autotools arch=linux-ubuntu20.04-x86_64
[+]  vxrl4pn          ^readline@8.2%gcc@11.1.0 build_system=autotools patches=bbf97f1 arch=linux-ubuntu20.04-x86_64
[+]  3z5qmvu          ^sqlite@3.40.1%gcc@11.1.0+column_metadata+dynamic_extensions+fts~functions+rtree build_system=autotools arch=linux-ubuntu20.04-x86_64
[+]  i5b6dq6          ^util-linux-uuid@2.38.1%gcc@11.1.0 build_system=autotools arch=linux-ubuntu20.04-x86_64

==> Concretized qmcpack@develop~afqmc+complex+cuda~mpi+timers cuda_arch=80
 -   xtfcumn  qmcpack@develop%gcc@11.1.0~afqmc+complex+cuda~da~gui~ipo~mixed~mpi~phdf5~ppconvert+soa+timers build_system=cmake build_type=Release cuda_arch=80 arch=linux-ubuntu20.04-x86_64
[+]  fh57zol      ^boost@1.80.0%gcc@11.1.0~atomic~chrono~clanglibcpp~container~context~contract~coroutine~date_time~debug+exception~fiber~filesystem~graph~graph_parallel~icu~iostreams~json~locale~log~math~mpi+multithreaded~nowide~numpy~pic~program_options~python+random~regex+serialization+shared~signals~singlethreaded~stacktrace~system~taggedlayout~test~thread~timer~type_erasure~versionedlayout~wave build_system=generic cxxstd=98 patches=a440f96 visibility=hidden arch=linux-ubuntu20.04-x86_64
[+]  z6gv6d4      ^cmake@3.25.2%gcc@11.1.0~doc+ncurses+ownlibs~qt build_system=generic build_type=Release arch=linux-ubuntu20.04-x86_64
[+]  uvosrzt          ^ncurses@6.4%gcc@11.1.0~symlinks+termlib abi=none build_system=autotools arch=linux-ubuntu20.04-x86_64
[+]  x4ocrnr          ^openssl@1.1.1t%gcc@11.1.0~docs~shared build_system=generic certs=mozilla arch=linux-ubuntu20.04-x86_64
[+]  w233qs7              ^ca-certificates-mozilla@2023-01-10%gcc@11.1.0 build_system=generic arch=linux-ubuntu20.04-x86_64
[+]  oeka2jm      ^cuda@11.4.4%gcc@11.1.0~allow-unsupported-compilers~dev build_system=generic arch=linux-ubuntu20.04-x86_64
[+]  dc2k66y      ^fftw@3.3.10%gcc@11.1.0+mpi~openmp~pfft_patches build_system=autotools precision=double,float arch=linux-ubuntu20.04-x86_64
[+]  ea3dj7t          ^mpich@4.1%gcc@11.1.0~argobots~cuda+fortran+hwloc+hydra+libxml2+pci~rocm+romio~slurm~two_level_namespace~vci~verbs~wrapperrpath build_system=autotools datatype-engine=auto device=ch4 netmod=ofi pmi=pmi arch=linux-ubuntu20.04-x86_64
[+]  bqre6so              ^findutils@4.9.0%gcc@11.1.0 build_system=autotools patches=440b954 arch=linux-ubuntu20.04-x86_64
[+]  zcegd6v              ^hwloc@2.9.0%gcc@11.1.0~cairo~cuda~gl~libudev+libxml2~netloc~nvml~oneapi-level-zero~opencl+pci~rocm build_system=autotools libs=shared,static arch=linux-ubuntu20.04-x86_64
[+]  qppnie2              ^libfabric@1.16.1%gcc@11.1.0~debug~kdreg build_system=autotools fabrics=sockets,tcp,udp arch=linux-ubuntu20.04-x86_64
[+]  srwvvk5              ^libpciaccess@0.16%gcc@11.1.0 build_system=autotools arch=linux-ubuntu20.04-x86_64
[+]  bntep2v                  ^libtool@2.4.7%gcc@11.1.0 build_system=autotools arch=linux-ubuntu20.04-x86_64
[+]  i5p6x5b                  ^util-macros@1.19.3%gcc@11.1.0 build_system=autotools arch=linux-ubuntu20.04-x86_64
[+]  n7vk7o6              ^yaksa@0.2%gcc@11.1.0~cuda~rocm build_system=autotools arch=linux-ubuntu20.04-x86_64
[+]  a77yebp                  ^autoconf@2.69%gcc@11.1.0 build_system=autotools patches=35c4492,7793209,a49dd5b arch=linux-ubuntu20.04-x86_64
[+]  ud6z5xj                  ^automake@1.16.5%gcc@11.1.0 build_system=autotools arch=linux-ubuntu20.04-x86_64
[+]  qdxsvxc                  ^m4@1.4.19%gcc@11.1.0+sigsegv build_system=autotools patches=9dc5fbd,bfdffa7 arch=linux-ubuntu20.04-x86_64
[+]  lypoofr                      ^libsigsegv@2.13%gcc@11.1.0 build_system=autotools arch=linux-ubuntu20.04-x86_64
[+]  whzoqwr      ^hdf5@1.14.0%gcc@11.1.0~cxx~fortran~hl~ipo~java~mpi+shared~szip~threadsafe+tools api=default build_system=cmake build_type=RelWithDebInfo patches=0b5dd6f arch=linux-ubuntu20.04-x86_64
[+]  uorrjkf          ^pkgconf@1.8.0%gcc@11.1.0 build_system=autotools arch=linux-ubuntu20.04-x86_64
[+]  hi2xsgc          ^zlib@1.2.13%gcc@11.1.0+optimize+pic+shared build_system=makefile arch=linux-ubuntu20.04-x86_64
[+]  d4dm7aj      ^libxml2@2.10.3%gcc@11.1.0~python build_system=autotools arch=linux-ubuntu20.04-x86_64
[+]  5f66p4a          ^libiconv@1.17%gcc@11.1.0 build_system=autotools libs=shared,static arch=linux-ubuntu20.04-x86_64
[+]  al2gyec          ^xz@5.4.1%gcc@11.1.0~pic build_system=autotools libs=shared,static arch=linux-ubuntu20.04-x86_64
[+]  yrbiib2      ^openblas@0.3.21%gcc@11.1.0~bignuma~consistent_fpcsr+fortran~ilp64+locking+pic+shared build_system=makefile patches=114f95f,d3d9b15 symbol_suffix=none threads=openmp arch=linux-ubuntu20.04-x86_64
[+]  4psazed          ^perl@5.36.0%gcc@11.1.0+cpanm+open+shared+threads build_system=generic arch=linux-ubuntu20.04-x86_64
[+]  alkzfee              ^berkeley-db@18.1.40%gcc@11.1.0+cxx~docs+stl build_system=autotools patches=26090f4,b231fcc arch=linux-ubuntu20.04-x86_64
[+]  6thoib5      ^python@3.10.8%gcc@11.1.0+bz2+crypt+ctypes+dbm~debug+libxml2+lzma~nis~optimizations+pic+pyexpat+pythoncmd+readline+shared+sqlite3+ssl~tkinter+uuid+zlib build_system=generic patches=0d98e93,7d40923,f2fd060 arch=linux-ubuntu20.04-x86_64
[+]  4w6pcqh          ^bzip2@1.0.8%gcc@11.1.0~debug~pic+shared build_system=generic arch=linux-ubuntu20.04-x86_64
[+]  zbe45vu              ^diffutils@3.8%gcc@11.1.0 build_system=autotools arch=linux-ubuntu20.04-x86_64
[+]  4qorfjg          ^expat@2.5.0%gcc@11.1.0+libbsd build_system=autotools arch=linux-ubuntu20.04-x86_64
[+]  bstssvl              ^libbsd@0.11.7%gcc@11.1.0 build_system=autotools arch=linux-ubuntu20.04-x86_64
[+]  cb26zci                  ^libmd@1.0.4%gcc@11.1.0 build_system=autotools arch=linux-ubuntu20.04-x86_64
[+]  qdviltn          ^gdbm@1.23%gcc@11.1.0 build_system=autotools arch=linux-ubuntu20.04-x86_64
[+]  fmaf67n          ^gettext@0.21.1%gcc@11.1.0+bzip2+curses+git~libunistring+libxml2+tar+xz build_system=autotools arch=linux-ubuntu20.04-x86_64
[+]  aohiucd              ^tar@1.34%gcc@11.1.0 build_system=autotools zip=pigz arch=linux-ubuntu20.04-x86_64
[+]  gojgmg4                  ^pigz@2.7%gcc@11.1.0 build_system=makefile arch=linux-ubuntu20.04-x86_64
[+]  nwwllvp                  ^zstd@1.5.2%gcc@11.1.0+programs build_system=makefile compression=none libs=shared,static arch=linux-ubuntu20.04-x86_64
[+]  ng3lexd          ^libffi@3.4.4%gcc@11.1.0 build_system=autotools arch=linux-ubuntu20.04-x86_64
[+]  pockqwd          ^libxcrypt@4.4.33%gcc@11.1.0~obsolete_api build_system=autotools arch=linux-ubuntu20.04-x86_64
[+]  vxrl4pn          ^readline@8.2%gcc@11.1.0 build_system=autotools patches=bbf97f1 arch=linux-ubuntu20.04-x86_64
[+]  3z5qmvu          ^sqlite@3.40.1%gcc@11.1.0+column_metadata+dynamic_extensions+fts~functions+rtree build_system=autotools arch=linux-ubuntu20.04-x86_64
[+]  i5b6dq6          ^util-linux-uuid@2.38.1%gcc@11.1.0 build_system=autotools arch=linux-ubuntu20.04-x86_64

